[2024/10/25 04:27:54 WAT] [fileLogs] [EROR] (github.com/Micah-Shallom/departure-times/pkg/controller/agency.(*Controller).GetAgencies:21) This is an error message%!(EXTRA *errors.errorString=This is an error message)
[2024/10/25 04:27:54 WAT] [fileLogs] [INFO] (github.com/Micah-Shallom/departure-times/external.(*SendRequestObject).SendRequest:54) before prefix%!(EXTRA string=get_agency_list, string=https://retro.umoiq.com/service/publicXMLFeed, <nil>, *bytes.Buffer=null
)
[2024/10/25 04:27:54 WAT] [fileLogs] [INFO] (github.com/Micah-Shallom/departure-times/external.(*SendRequestObject).SendRequest:58) after prefix%!(EXTRA string=get_agency_list, string=https://retro.umoiq.com/service/publicXMLFeed?command=agencyList, <nil>, *bytes.Buffer=null
)
[2024/10/25 04:27:54 WAT] [fileLogs] [INFO] (github.com/Micah-Shallom/departure-times/external.(*SendRequestObject).SendRequest:80) request%!(EXTRA string=get_agency_list, string=https://retro.umoiq.com/service/publicXMLFeed?command=agencyList, string=GET, map[string]string=map[Content-Type:application/json])
[2024/10/25 04:27:54 WAT] [fileLogs] [EROR] (github.com/Micah-Shallom/departure-times/external.(*SendRequestObject).SendRequest:84) client do%!(EXTRA string=get_agency_list, string=Get "https://retro.umoiq.com/service/publicXMLFeed?command=agencyList": dial tcp: lookup retro.umoiq.com on 127.0.0.53:53: server misbehaving)
[2024/10/25 04:27:54 WAT] [fileLogs] [EROR] (github.com/Micah-Shallom/departure-times/external/third_party/nextbus.(*RequestObj).GetAgencyList:21) Error sending request: Get "https://retro.umoiq.com/service/publicXMLFeed?command=agencyList": dial tcp: lookup retro.umoiq.com on 127.0.0.53:53: server misbehaving
[2024/10/25 04:27:54 WAT] [fileLogs] [EROR] (github.com/Micah-Shallom/departure-times/pkg/controller/agency.(*Controller).GetAgencies:25) unable to fetch agency list%!(EXTRA *url.Error=Get "https://retro.umoiq.com/service/publicXMLFeed?command=agencyList": dial tcp: lookup retro.umoiq.com on 127.0.0.53:53: server misbehaving)
[2024/10/25 04:30:21 WAT] [fileLogs] [EROR] (github.com/Micah-Shallom/departure-times/pkg/controller/agency.(*Controller).GetAgencies:21) This is an error message%!(EXTRA *errors.errorString=This is an error message)
[2024/10/25 04:30:21 WAT] [fileLogs] [INFO] (github.com/Micah-Shallom/departure-times/external.(*SendRequestObject).SendRequest:54) before prefix%!(EXTRA string=get_agency_list, string=https://retro.umoiq.com/service/publicXMLFeed, <nil>, *bytes.Buffer=null
)
[2024/10/25 04:30:21 WAT] [fileLogs] [INFO] (github.com/Micah-Shallom/departure-times/external.(*SendRequestObject).SendRequest:58) after prefix%!(EXTRA string=get_agency_list, string=https://retro.umoiq.com/service/publicXMLFeed?command=agencyList, <nil>, *bytes.Buffer=null
)
[2024/10/25 04:30:21 WAT] [fileLogs] [INFO] (github.com/Micah-Shallom/departure-times/external.(*SendRequestObject).SendRequest:80) request%!(EXTRA string=get_agency_list, string=https://retro.umoiq.com/service/publicXMLFeed?command=agencyList, string=GET, map[string]string=map[Content-Type:application/json])
[2024/10/25 04:30:23 WAT] [fileLogs] [EROR] (github.com/Micah-Shallom/departure-times/external.(*SendRequestObject).SendRequest:96) json decoding error%!(EXTRA string=get_agency_list, string=invalid character '<' looking for beginning of value)
[2024/10/25 04:30:23 WAT] [fileLogs] [EROR] (github.com/Micah-Shallom/departure-times/external/third_party/nextbus.(*RequestObj).GetAgencyList:21) Error sending request: invalid character '<' looking for beginning of value
[2024/10/25 04:30:23 WAT] [fileLogs] [EROR] (github.com/Micah-Shallom/departure-times/pkg/controller/agency.(*Controller).GetAgencies:25) unable to fetch agency list%!(EXTRA *json.SyntaxError=invalid character '<' looking for beginning of value)
[2024/10/25 04:31:18 WAT] [fileLogs] [EROR] (github.com/Micah-Shallom/departure-times/pkg/controller/agency.(*Controller).GetAgencies:21) This is an error message%!(EXTRA *errors.errorString=This is an error message)
[2024/10/25 04:31:18 WAT] [fileLogs] [INFO] (github.com/Micah-Shallom/departure-times/external.(*SendRequestObject).SendRequest:54) before prefix%!(EXTRA string=get_agency_list, string=https://retro.umoiq.com/service/publicXMLFeed, <nil>, *bytes.Buffer=null
)
[2024/10/25 04:31:18 WAT] [fileLogs] [INFO] (github.com/Micah-Shallom/departure-times/external.(*SendRequestObject).SendRequest:58) after prefix%!(EXTRA string=get_agency_list, string=https://retro.umoiq.com/service/publicXMLFeed?command=agencyList, <nil>, *bytes.Buffer=null
)
[2024/10/25 04:31:18 WAT] [fileLogs] [INFO] (github.com/Micah-Shallom/departure-times/external.(*SendRequestObject).SendRequest:80) request%!(EXTRA string=get_agency_list, string=https://retro.umoiq.com/service/publicXMLFeed?command=agencyList, string=GET, map[string]string=map[Content-Type:application/json])
[2024/10/25 04:31:19 WAT] [fileLogs] [EROR] (github.com/Micah-Shallom/departure-times/external.(*SendRequestObject).SendRequest:96) json decoding error%!(EXTRA string=get_agency_list, string=invalid character '<' looking for beginning of value)
[2024/10/25 04:31:19 WAT] [fileLogs] [EROR] (github.com/Micah-Shallom/departure-times/external/third_party/nextbus.(*RequestObj).GetAgencyList:21) Error sending request: invalid character '<' looking for beginning of value
[2024/10/25 04:31:19 WAT] [fileLogs] [EROR] (github.com/Micah-Shallom/departure-times/pkg/controller/agency.(*Controller).GetAgencies:25) unable to fetch agency list%!(EXTRA *json.SyntaxError=invalid character '<' looking for beginning of value)
[2024/10/25 04:32:40 WAT] [fileLogs] [INFO] (github.com/Micah-Shallom/departure-times/external.(*SendRequestObject).SendRequest:54) before prefix%!(EXTRA string=get_agency_list, string=https://retro.umoiq.com/service/publicXMLFeed, <nil>, *bytes.Buffer=null
)
[2024/10/25 04:32:40 WAT] [fileLogs] [INFO] (github.com/Micah-Shallom/departure-times/external.(*SendRequestObject).SendRequest:58) after prefix%!(EXTRA string=get_agency_list, string=https://retro.umoiq.com/service/publicXMLFeed?command=agencyList, <nil>, *bytes.Buffer=null
)
[2024/10/25 04:32:40 WAT] [fileLogs] [INFO] (github.com/Micah-Shallom/departure-times/external.(*SendRequestObject).SendRequest:80) request%!(EXTRA string=get_agency_list, string=https://retro.umoiq.com/service/publicXMLFeed?command=agencyList, string=GET, map[string]string=map[Content-Type:application/json])
[2024/10/25 04:32:42 WAT] [fileLogs] [EROR] (github.com/Micah-Shallom/departure-times/external.(*SendRequestObject).SendRequest:96) json decoding error%!(EXTRA string=get_agency_list, string=invalid character '<' looking for beginning of value)
[2024/10/25 04:32:42 WAT] [fileLogs] [EROR] (github.com/Micah-Shallom/departure-times/external/third_party/nextbus.(*RequestObj).GetAgencyList:21) Error sending request: invalid character '<' looking for beginning of value
[2024/10/25 04:32:42 WAT] [fileLogs] [EROR] (github.com/Micah-Shallom/departure-times/pkg/controller/agency.(*Controller).GetAgencies:21) unable to fetch agency list%!(EXTRA *json.SyntaxError=invalid character '<' looking for beginning of value)
[2024/10/25 04:35:23 WAT] [fileLogs] [INFO] (github.com/Micah-Shallom/departure-times/external.(*SendRequestObject).SendRequest:54) before prefix%!(EXTRA string=get_agency_list, string=https://retro.umoiq.com/service/publicXMLFeed, <nil>, *bytes.Buffer=null
)
[2024/10/25 04:35:23 WAT] [fileLogs] [INFO] (github.com/Micah-Shallom/departure-times/external.(*SendRequestObject).SendRequest:58) after prefix%!(EXTRA string=get_agency_list, string=https://retro.umoiq.com/service/publicXMLFeed?command=agencyList, <nil>, *bytes.Buffer=null
)
[2024/10/25 04:35:23 WAT] [fileLogs] [INFO] (github.com/Micah-Shallom/departure-times/external.(*SendRequestObject).SendRequest:80) request%!(EXTRA string=get_agency_list, string=https://retro.umoiq.com/service/publicXMLFeed?command=agencyList, string=GET, map[string]string=map[Content-Type:application/json])
[2024/10/25 04:35:26 WAT] [fileLogs] [EROR] (github.com/Micah-Shallom/departure-times/external.(*SendRequestObject).SendRequest:97) json decoding error%!(EXTRA string=get_agency_list, string=invalid character '<' looking for beginning of value)
[2024/10/25 04:35:26 WAT] [fileLogs] [EROR] (github.com/Micah-Shallom/departure-times/external/third_party/nextbus.(*RequestObj).GetAgencyList:21) Error sending request: invalid character '<' looking for beginning of value
[2024/10/25 04:35:26 WAT] [fileLogs] [EROR] (github.com/Micah-Shallom/departure-times/pkg/controller/agency.(*Controller).GetAgencies:21) unable to fetch agency list%!(EXTRA *json.SyntaxError=invalid character '<' looking for beginning of value)
[2024/10/25 04:36:11 WAT] [fileLogs] [INFO] (github.com/Micah-Shallom/departure-times/external.(*SendRequestObject).SendRequest:54) before prefix%!(EXTRA string=get_agency_list, string=https://retro.umoiq.com/service/publicXMLFeed, <nil>, *bytes.Buffer=null
)
[2024/10/25 04:36:11 WAT] [fileLogs] [INFO] (github.com/Micah-Shallom/departure-times/external.(*SendRequestObject).SendRequest:58) after prefix%!(EXTRA string=get_agency_list, string=https://retro.umoiq.com/service/publicXMLFeed?command=agencyList, <nil>, *bytes.Buffer=null
)
[2024/10/25 04:36:11 WAT] [fileLogs] [INFO] (github.com/Micah-Shallom/departure-times/external.(*SendRequestObject).SendRequest:80) request%!(EXTRA string=get_agency_list, string=https://retro.umoiq.com/service/publicXMLFeed?command=agencyList, string=GET, map[string]string=map[Content-Type:application/json])
[2024/10/25 04:36:12 WAT] [fileLogs] [EROR] (github.com/Micah-Shallom/departure-times/external.(*SendRequestObject).SendRequest:97) json decoding error%!(EXTRA string=get_agency_list, string=invalid character '<' looking for beginning of value)
[2024/10/25 04:36:12 WAT] [fileLogs] [EROR] (github.com/Micah-Shallom/departure-times/external/third_party/nextbus.(*RequestObj).GetAgencyList:21) Error sending request: invalid character '<' looking for beginning of value
[2024/10/25 04:36:12 WAT] [fileLogs] [EROR] (github.com/Micah-Shallom/departure-times/pkg/controller/agency.(*Controller).GetAgencies:21) unable to fetch agency list%!(EXTRA *json.SyntaxError=invalid character '<' looking for beginning of value)
[2024/10/25 04:40:57 WAT] [fileLogs] [INFO] (github.com/Micah-Shallom/departure-times/external.(*SendRequestObject).SendRequest:54) before prefix%!(EXTRA string=get_agency_list, string=https://retro.umoiq.com/service/publicXMLFeed, <nil>, *bytes.Buffer=null
)
[2024/10/25 04:40:57 WAT] [fileLogs] [INFO] (github.com/Micah-Shallom/departure-times/external.(*SendRequestObject).SendRequest:58) after prefix%!(EXTRA string=get_agency_list, string=https://retro.umoiq.com/service/publicXMLFeed?command=agencyList, <nil>, *bytes.Buffer=null
)
[2024/10/25 04:40:57 WAT] [fileLogs] [INFO] (github.com/Micah-Shallom/departure-times/external.(*SendRequestObject).SendRequest:80) request%!(EXTRA string=get_agency_list, string=https://retro.umoiq.com/service/publicXMLFeed?command=agencyList, string=GET, map[string]string=map[Content-Type:application/json])
[2024/10/25 04:40:58 WAT] [fileLogs] [EROR] (github.com/Micah-Shallom/departure-times/external.(*SendRequestObject).SendRequest:97) json decoding error%!(EXTRA string=get_agency_list, string=invalid character '<' looking for beginning of value)
[2024/10/25 04:40:58 WAT] [fileLogs] [EROR] (github.com/Micah-Shallom/departure-times/external/third_party/nextbus.(*RequestObj).GetAgencyList:21) Error sending request: invalid character '<' looking for beginning of value
[2024/10/25 04:40:58 WAT] [fileLogs] [EROR] (github.com/Micah-Shallom/departure-times/pkg/controller/agency.(*Controller).GetAgencies:21) unable to fetch agency list%!(EXTRA *json.SyntaxError=invalid character '<' looking for beginning of value)
[2024/10/25 04:41:27 WAT] [fileLogs] [INFO] (github.com/Micah-Shallom/departure-times/external.(*SendRequestObject).SendRequest:54) before prefix%!(EXTRA string=get_agency_list, string=https://retro.umoiq.com/service/publicXMLFeed, <nil>, *bytes.Buffer=null
)
[2024/10/25 04:41:27 WAT] [fileLogs] [INFO] (github.com/Micah-Shallom/departure-times/external.(*SendRequestObject).SendRequest:58) after prefix%!(EXTRA string=get_agency_list, string=https://retro.umoiq.com/service/publicXMLFeed?command=agencyList, <nil>, *bytes.Buffer=null
)
[2024/10/25 04:41:27 WAT] [fileLogs] [INFO] (github.com/Micah-Shallom/departure-times/external.(*SendRequestObject).SendRequest:80) request%!(EXTRA string=get_agency_list, string=https://retro.umoiq.com/service/publicXMLFeed?command=agencyList, string=GET, map[string]string=map[Content-Type:application/json])
[2024/10/25 04:41:29 WAT] [fileLogs] [EROR] (github.com/Micah-Shallom/departure-times/external.(*SendRequestObject).SendRequest:95) json decoding error%!(EXTRA string=get_agency_list, string=invalid character '<' looking for beginning of value)
[2024/10/25 04:41:29 WAT] [fileLogs] [EROR] (github.com/Micah-Shallom/departure-times/external/third_party/nextbus.(*RequestObj).GetAgencyList:21) Error sending request: invalid character '<' looking for beginning of value
[2024/10/25 04:41:29 WAT] [fileLogs] [EROR] (github.com/Micah-Shallom/departure-times/pkg/controller/agency.(*Controller).GetAgencies:21) unable to fetch agency list%!(EXTRA *json.SyntaxError=invalid character '<' looking for beginning of value)
[2024/10/25 04:42:20 WAT] [fileLogs] [INFO] (github.com/Micah-Shallom/departure-times/external.(*SendRequestObject).SendRequest:54) before prefix%!(EXTRA string=get_agency_list, string=https://retro.umoiq.com/service/publicXMLFeed, <nil>, *bytes.Buffer=null
)
[2024/10/25 04:42:20 WAT] [fileLogs] [INFO] (github.com/Micah-Shallom/departure-times/external.(*SendRequestObject).SendRequest:58) after prefix%!(EXTRA string=get_agency_list, string=https://retro.umoiq.com/service/publicXMLFeed?command=agencyList, <nil>, *bytes.Buffer=null
)
[2024/10/25 04:42:20 WAT] [fileLogs] [INFO] (github.com/Micah-Shallom/departure-times/external.(*SendRequestObject).SendRequest:80) request%!(EXTRA string=get_agency_list, string=https://retro.umoiq.com/service/publicXMLFeed?command=agencyList, string=GET, map[string]string=map[Content-Type:application/json])
[2024/10/25 04:42:22 WAT] [fileLogs] [EROR] (github.com/Micah-Shallom/departure-times/external.(*SendRequestObject).SendRequest:95) json decoding error%!(EXTRA string=get_agency_list, string=invalid character '<' looking for beginning of value)
[2024/10/25 04:42:22 WAT] [fileLogs] [EROR] (github.com/Micah-Shallom/departure-times/external/third_party/nextbus.(*RequestObj).GetAgencyList:21) Error sending request: invalid character '<' looking for beginning of value
[2024/10/25 04:42:22 WAT] [fileLogs] [EROR] (github.com/Micah-Shallom/departure-times/pkg/controller/agency.(*Controller).GetAgencies:21) unable to fetch agency list%!(EXTRA *json.SyntaxError=invalid character '<' looking for beginning of value)
[2024/10/25 04:59:16 WAT] [fileLogs] [INFO] (github.com/Micah-Shallom/departure-times/external.(*SendRequestObject).SendRequest:54) before prefix%!(EXTRA string=get_agency_list, string=https://retro.umoiq.com/service/publicXMLFeed, <nil>, *bytes.Buffer=null
)
[2024/10/25 04:59:16 WAT] [fileLogs] [INFO] (github.com/Micah-Shallom/departure-times/external.(*SendRequestObject).SendRequest:58) after prefix%!(EXTRA string=get_agency_list, string=https://retro.umoiq.com/service/publicXMLFeed?command=agencyList, <nil>, *bytes.Buffer=null
)
[2024/10/25 04:59:16 WAT] [fileLogs] [INFO] (github.com/Micah-Shallom/departure-times/external.(*SendRequestObject).SendRequest:80) request%!(EXTRA string=get_agency_list, string=https://retro.umoiq.com/service/publicXMLFeed?command=agencyList, string=GET, map[string]string=map[Content-Type:application/json])
[2024/10/25 04:59:18 WAT] [fileLogs] [EROR] (github.com/Micah-Shallom/departure-times/external.(*SendRequestObject).SendRequest:95) json decoding error%!(EXTRA string=get_agency_list, string=invalid character '<' looking for beginning of value)
[2024/10/25 04:59:18 WAT] [fileLogs] [EROR] (github.com/Micah-Shallom/departure-times/external/third_party/nextbus.(*RequestObj).GetAgencyList:21) Error sending request: invalid character '<' looking for beginning of value
[2024/10/25 04:59:18 WAT] [fileLogs] [EROR] (github.com/Micah-Shallom/departure-times/pkg/controller/agency.(*Controller).GetAgencies:21) unable to fetch agency list%!(EXTRA *json.SyntaxError=invalid character '<' looking for beginning of value)
[2024/10/25 05:12:32 WAT] [fileLogs] [INFO] (github.com/Micah-Shallom/departure-times/external.(*SendRequestObject).SendRequest:55) before prefix%!(EXTRA string=get_agency_list, string=https://retro.umoiq.com/service/publicXMLFeed, <nil>, *bytes.Buffer=null
)
[2024/10/25 05:12:32 WAT] [fileLogs] [INFO] (github.com/Micah-Shallom/departure-times/external.(*SendRequestObject).SendRequest:59) after prefix%!(EXTRA string=get_agency_list, string=https://retro.umoiq.com/service/publicXMLFeed?command=agencyList, <nil>, *bytes.Buffer=null
)
[2024/10/25 05:12:32 WAT] [fileLogs] [INFO] (github.com/Micah-Shallom/departure-times/external.(*SendRequestObject).SendRequest:81) request%!(EXTRA string=get_agency_list, string=https://retro.umoiq.com/service/publicXMLFeed?command=agencyList, string=GET, map[string]string=map[Content-Type:application/json])
[2024/10/25 05:12:34 WAT] [fileLogs] [INFO] (github.com/Micah-Shallom/departure-times/pkg/controller/agency.(*Controller).GetAgencies:27) agency list fetched successfully
[2024/10/25 05:15:36 WAT] [fileLogs] [INFO] (github.com/Micah-Shallom/departure-times/external.(*SendRequestObject).SendRequest:55) before prefix%!(EXTRA string=get_agency_list, string=https://retro.umoiq.com/service/publicXMLFeed, <nil>, *bytes.Buffer=null
)
[2024/10/25 05:15:36 WAT] [fileLogs] [INFO] (github.com/Micah-Shallom/departure-times/external.(*SendRequestObject).SendRequest:59) after prefix%!(EXTRA string=get_agency_list, string=https://retro.umoiq.com/service/publicXMLFeed?command=agencyList, <nil>, *bytes.Buffer=null
)
[2024/10/25 05:15:36 WAT] [fileLogs] [INFO] (github.com/Micah-Shallom/departure-times/external.(*SendRequestObject).SendRequest:81) request%!(EXTRA string=get_agency_list, string=https://retro.umoiq.com/service/publicXMLFeed?command=agencyList, string=GET, map[string]string=map[Content-Type:application/json])
[2024/10/25 05:15:38 WAT] [fileLogs] [INFO] (github.com/Micah-Shallom/departure-times/pkg/controller/agency.(*Controller).GetAgencies:27) agency list fetched successfully
[2024/10/25 05:18:56 WAT] [fileLogs] [INFO] (github.com/Micah-Shallom/departure-times/external.(*SendRequestObject).SendRequest:55) before prefix%!(EXTRA string=get_agency_list, string=https://retro.umoiq.com/service/publicXMLFeed, <nil>, *bytes.Buffer=null
)
[2024/10/25 05:18:56 WAT] [fileLogs] [INFO] (github.com/Micah-Shallom/departure-times/external.(*SendRequestObject).SendRequest:59) after prefix%!(EXTRA string=get_agency_list, string=https://retro.umoiq.com/service/publicXMLFeed?command=agencyList, <nil>, *bytes.Buffer=null
)
[2024/10/25 05:18:56 WAT] [fileLogs] [INFO] (github.com/Micah-Shallom/departure-times/external.(*SendRequestObject).SendRequest:81) request%!(EXTRA string=get_agency_list, string=https://retro.umoiq.com/service/publicXMLFeed?command=agencyList, string=GET, map[string]string=map[Content-Type:application/json])
[2024/10/25 05:18:58 WAT] [fileLogs] [INFO] (github.com/Micah-Shallom/departure-times/pkg/controller/agency.(*Controller).GetAgencies:27) agency list fetched successfully
[2024/10/25 05:19:50 WAT] [fileLogs] [INFO] (github.com/Micah-Shallom/departure-times/external.(*SendRequestObject).SendRequest:55) before prefix%!(EXTRA string=get_agency_list, string=https://retro.umoiq.com/service/publicXMLFeed, <nil>, *bytes.Buffer=null
)
[2024/10/25 05:19:50 WAT] [fileLogs] [INFO] (github.com/Micah-Shallom/departure-times/external.(*SendRequestObject).SendRequest:59) after prefix%!(EXTRA string=get_agency_list, string=https://retro.umoiq.com/service/publicXMLFeed?command=agencyList, <nil>, *bytes.Buffer=null
)
[2024/10/25 05:19:50 WAT] [fileLogs] [INFO] (github.com/Micah-Shallom/departure-times/external.(*SendRequestObject).SendRequest:81) request%!(EXTRA string=get_agency_list, string=https://retro.umoiq.com/service/publicXMLFeed?command=agencyList, string=GET, map[string]string=map[Content-Type:application/json])
[2024/10/25 05:19:51 WAT] [fileLogs] [EROR] (github.com/Micah-Shallom/departure-times/pkg/controller/agency.(*Controller).GetAgencies:21) unable to fetch agency list%!(EXTRA *errors.errorString=error casting response to GetAgenciesResponse)
[2024/10/25 05:20:04 WAT] [fileLogs] [INFO] (github.com/Micah-Shallom/departure-times/external.(*SendRequestObject).SendRequest:55) before prefix%!(EXTRA string=get_agency_list, string=https://retro.umoiq.com/service/publicXMLFeed, <nil>, *bytes.Buffer=null
)
[2024/10/25 05:20:04 WAT] [fileLogs] [INFO] (github.com/Micah-Shallom/departure-times/external.(*SendRequestObject).SendRequest:59) after prefix%!(EXTRA string=get_agency_list, string=https://retro.umoiq.com/service/publicXMLFeed?command=agencyList, <nil>, *bytes.Buffer=null
)
[2024/10/25 05:20:04 WAT] [fileLogs] [INFO] (github.com/Micah-Shallom/departure-times/external.(*SendRequestObject).SendRequest:81) request%!(EXTRA string=get_agency_list, string=https://retro.umoiq.com/service/publicXMLFeed?command=agencyList, string=GET, map[string]string=map[Content-Type:application/json])
[2024/10/25 05:20:04 WAT] [fileLogs] [EROR] (github.com/Micah-Shallom/departure-times/pkg/controller/agency.(*Controller).GetAgencies:21) unable to fetch agency list%!(EXTRA *errors.errorString=error casting response to GetAgenciesResponse)
[2024/10/25 05:22:46 WAT] [fileLogs] [INFO] (github.com/Micah-Shallom/departure-times/external.(*SendRequestObject).SendRequest:55) before prefix%!(EXTRA string=get_agency_list, string=https://retro.umoiq.com/service/publicXMLFeed, <nil>, *bytes.Buffer=null
)
[2024/10/25 05:22:46 WAT] [fileLogs] [INFO] (github.com/Micah-Shallom/departure-times/external.(*SendRequestObject).SendRequest:59) after prefix%!(EXTRA string=get_agency_list, string=https://retro.umoiq.com/service/publicXMLFeed?command=agencyList, <nil>, *bytes.Buffer=null
)
[2024/10/25 05:22:46 WAT] [fileLogs] [INFO] (github.com/Micah-Shallom/departure-times/external.(*SendRequestObject).SendRequest:81) request%!(EXTRA string=get_agency_list, string=https://retro.umoiq.com/service/publicXMLFeed?command=agencyList, string=GET, map[string]string=map[Content-Type:application/json])
[2024/10/25 05:22:47 WAT] [fileLogs] [INFO] (github.com/Micah-Shallom/departure-times/pkg/controller/agency.(*Controller).GetAgencies:27) agency list fetched successfully
[2024/10/25 15:33:53 WAT] [fileLogs] [INFO] (github.com/Micah-Shallom/departure-times/external.(*SendRequestObject).SendRequest:55) before prefix%!(EXTRA string=get_agency_list, string=https://retro.umoiq.com/service/publicXMLFeed, <nil>, *bytes.Buffer=null
)
[2024/10/25 15:33:53 WAT] [fileLogs] [INFO] (github.com/Micah-Shallom/departure-times/external.(*SendRequestObject).SendRequest:59) after prefix%!(EXTRA string=get_agency_list, string=https://retro.umoiq.com/service/publicXMLFeed?command=agencyList, <nil>, *bytes.Buffer=null
)
[2024/10/25 15:33:53 WAT] [fileLogs] [INFO] (github.com/Micah-Shallom/departure-times/external.(*SendRequestObject).SendRequest:81) request%!(EXTRA string=get_agency_list, string=https://retro.umoiq.com/service/publicXMLFeed?command=agencyList, string=GET, map[string]string=map[Content-Type:application/json])
[2024/10/25 15:33:54 WAT] [fileLogs] [INFO] (github.com/Micah-Shallom/departure-times/pkg/controller/agency.(*Controller).GetAgencies:29) agency list fetched successfully
[2024/10/25 16:36:13 WAT] [fileLogs] [EROR] (github.com/Micah-Shallom/departure-times/pkg/controller/agency.(*Controller).GetRouteList:40) agency tag is empty. Provide an agency tag
[2024/10/25 16:42:34 WAT] [fileLogs] [EROR] (github.com/Micah-Shallom/departure-times/pkg/controller/agency.(*Controller).GetRouteList:40) agency tag is empty. Provide an agency tag
[2024/10/25 16:42:37 WAT] [fileLogs] [EROR] (github.com/Micah-Shallom/departure-times/pkg/controller/agency.(*Controller).GetRouteList:40) agency tag is empty. Provide an agency tag
[2024/10/25 16:44:05 WAT] [fileLogs] [INFO] (github.com/Micah-Shallom/departure-times/external.(*SendRequestObject).SendRequest:55) before prefix%!(EXTRA string=get_route_list, string=https://retro.umoiq.com/service/publicXMLFeed, <nil>, *bytes.Buffer=null
)
[2024/10/25 16:44:05 WAT] [fileLogs] [INFO] (github.com/Micah-Shallom/departure-times/external.(*SendRequestObject).SendRequest:59) after prefix%!(EXTRA string=get_route_list, string=https://retro.umoiq.com/service/publicXMLFeed?command=routeList& a=escalon, <nil>, *bytes.Buffer=null
)
[2024/10/25 16:44:05 WAT] [fileLogs] [INFO] (github.com/Micah-Shallom/departure-times/external.(*SendRequestObject).SendRequest:81) request%!(EXTRA string=get_route_list, string=https://retro.umoiq.com/service/publicXMLFeed?command=routeList& a=escalon, string=GET, map[string]string=map[Content-Type:application/json])
[2024/10/25 16:44:07 WAT] [fileLogs] [EROR] (github.com/Micah-Shallom/departure-times/external.(*SendRequestObject).SendRequest:98) json decoding error%!(EXTRA string=get_route_list, string=EOF)
[2024/10/25 16:44:07 WAT] [fileLogs] [EROR] (github.com/Micah-Shallom/departure-times/external/third_party/nextbus.(*RequestObj).GetRouteList:44) Error sending request: EOF
[2024/10/25 16:44:07 WAT] [fileLogs] [EROR] (github.com/Micah-Shallom/departure-times/pkg/controller/agency.(*Controller).GetRouteList:48) unable to get routelist%!(EXTRA *errors.errorString=EOF)
[2024/10/25 16:48:22 WAT] [fileLogs] [INFO] (github.com/Micah-Shallom/departure-times/external.(*SendRequestObject).SendRequest:55) before prefix%!(EXTRA string=get_route_list, string=https://retro.umoiq.com/service/publicXMLFeed, <nil>, *bytes.Buffer=null
)
[2024/10/25 16:48:22 WAT] [fileLogs] [INFO] (github.com/Micah-Shallom/departure-times/external.(*SendRequestObject).SendRequest:59) after prefix%!(EXTRA string=get_route_list, string=https://retro.umoiq.com/service/publicXMLFeed?command=routeList& a=escalon, <nil>, *bytes.Buffer=null
)
[2024/10/25 16:48:22 WAT] [fileLogs] [INFO] (github.com/Micah-Shallom/departure-times/external.(*SendRequestObject).SendRequest:81) request%!(EXTRA string=get_route_list, string=https://retro.umoiq.com/service/publicXMLFeed?command=routeList& a=escalon, string=GET, map[string]string=map[Content-Type:application/json])
[2024/10/25 16:48:25 WAT] [fileLogs] [EROR] (github.com/Micah-Shallom/departure-times/external.(*SendRequestObject).SendRequest:98) json decoding error%!(EXTRA string=get_route_list, string=EOF)
[2024/10/25 16:48:25 WAT] [fileLogs] [EROR] (github.com/Micah-Shallom/departure-times/external/third_party/nextbus.(*RequestObj).GetRouteList:44) Error sending request: EOF
[2024/10/25 16:48:25 WAT] [fileLogs] [EROR] (github.com/Micah-Shallom/departure-times/pkg/controller/agency.(*Controller).GetRouteList:48) unable to get routelist%!(EXTRA *errors.errorString=EOF)
[2024/10/25 16:49:13 WAT] [fileLogs] [INFO] (github.com/Micah-Shallom/departure-times/external.(*SendRequestObject).SendRequest:55) before prefix%!(EXTRA string=get_route_list, string=https://retro.umoiq.com/service/publicXMLFeed, <nil>, *bytes.Buffer=null
)
[2024/10/25 16:49:13 WAT] [fileLogs] [INFO] (github.com/Micah-Shallom/departure-times/external.(*SendRequestObject).SendRequest:59) after prefix%!(EXTRA string=get_route_list, string=https://retro.umoiq.com/service/publicXMLFeed?command=routeList& a=escalon, <nil>, *bytes.Buffer=null
)
[2024/10/25 16:49:13 WAT] [fileLogs] [INFO] (github.com/Micah-Shallom/departure-times/external.(*SendRequestObject).SendRequest:81) request%!(EXTRA string=get_route_list, string=https://retro.umoiq.com/service/publicXMLFeed?command=routeList& a=escalon, string=GET, map[string]string=map[Content-Type:application/json])
[2024/10/25 16:49:14 WAT] [fileLogs] [EROR] (github.com/Micah-Shallom/departure-times/external.(*SendRequestObject).SendRequest:98) json decoding error%!(EXTRA string=get_route_list, string=EOF)
[2024/10/25 16:49:14 WAT] [fileLogs] [EROR] (github.com/Micah-Shallom/departure-times/external/third_party/nextbus.(*RequestObj).GetRouteList:44) Error sending request: EOF
[2024/10/25 16:49:14 WAT] [fileLogs] [EROR] (github.com/Micah-Shallom/departure-times/pkg/controller/agency.(*Controller).GetRouteList:48) unable to get routelist%!(EXTRA *errors.errorString=EOF)
[2024/10/25 16:50:08 WAT] [fileLogs] [INFO] (github.com/Micah-Shallom/departure-times/external.(*SendRequestObject).SendRequest:55) before prefix%!(EXTRA string=get_route_list, string=https://retro.umoiq.com/service/publicXMLFeed, <nil>, *bytes.Buffer=null
)
[2024/10/25 16:50:08 WAT] [fileLogs] [INFO] (github.com/Micah-Shallom/departure-times/external.(*SendRequestObject).SendRequest:59) after prefix%!(EXTRA string=get_route_list, string=https://retro.umoiq.com/service/publicXMLFeed?command=routeList& a=escalon, <nil>, *bytes.Buffer=null
)
[2024/10/25 16:50:08 WAT] [fileLogs] [INFO] (github.com/Micah-Shallom/departure-times/external.(*SendRequestObject).SendRequest:81) request%!(EXTRA string=get_route_list, string=https://retro.umoiq.com/service/publicXMLFeed?command=routeList& a=escalon, string=GET, map[string]string=map[Content-Type:application/json])
[2024/10/25 16:50:10 WAT] [fileLogs] [EROR] (github.com/Micah-Shallom/departure-times/external.(*SendRequestObject).SendRequest:98) json decoding error%!(EXTRA string=get_route_list, string=EOF)
[2024/10/25 16:50:10 WAT] [fileLogs] [EROR] (github.com/Micah-Shallom/departure-times/external/third_party/nextbus.(*RequestObj).GetRouteList:44) Error sending request: EOF
[2024/10/25 16:50:10 WAT] [fileLogs] [EROR] (github.com/Micah-Shallom/departure-times/pkg/controller/agency.(*Controller).GetRouteList:48) unable to get routelist%!(EXTRA *errors.errorString=EOF)
[2024/10/25 16:51:30 WAT] [fileLogs] [INFO] (github.com/Micah-Shallom/departure-times/external.(*SendRequestObject).SendRequest:55) before prefix%!(EXTRA string=get_route_list, string=https://retro.umoiq.com/service/publicXMLFeed, <nil>, *bytes.Buffer=null
)
[2024/10/25 16:51:30 WAT] [fileLogs] [INFO] (github.com/Micah-Shallom/departure-times/external.(*SendRequestObject).SendRequest:59) after prefix%!(EXTRA string=get_route_list, string=https://retro.umoiq.com/service/publicXMLFeed?command=routeList&a=escalon, <nil>, *bytes.Buffer=null
)
[2024/10/25 16:51:30 WAT] [fileLogs] [INFO] (github.com/Micah-Shallom/departure-times/external.(*SendRequestObject).SendRequest:81) request%!(EXTRA string=get_route_list, string=https://retro.umoiq.com/service/publicXMLFeed?command=routeList&a=escalon, string=GET, map[string]string=map[Content-Type:application/json])
[2024/10/25 16:51:32 WAT] [fileLogs] [EROR] (github.com/Micah-Shallom/departure-times/pkg/controller/agency.(*Controller).GetRouteList:48) unable to get routelist%!(EXTRA *errors.errorString=error casting response to GetAgenciesResponse)
[2024/10/25 16:53:03 WAT] [fileLogs] [INFO] (github.com/Micah-Shallom/departure-times/external.(*SendRequestObject).SendRequest:55) before prefix%!(EXTRA string=get_route_list, string=https://retro.umoiq.com/service/publicXMLFeed, <nil>, *bytes.Buffer=null
)
[2024/10/25 16:53:03 WAT] [fileLogs] [INFO] (github.com/Micah-Shallom/departure-times/external.(*SendRequestObject).SendRequest:59) after prefix%!(EXTRA string=get_route_list, string=https://retro.umoiq.com/service/publicXMLFeed?command=routeList&a=escalon, <nil>, *bytes.Buffer=null
)
[2024/10/25 16:53:03 WAT] [fileLogs] [INFO] (github.com/Micah-Shallom/departure-times/external.(*SendRequestObject).SendRequest:81) request%!(EXTRA string=get_route_list, string=https://retro.umoiq.com/service/publicXMLFeed?command=routeList&a=escalon, string=GET, map[string]string=map[Content-Type:application/json])
[2024/10/25 16:53:06 WAT] [fileLogs] [INFO] (github.com/Micah-Shallom/departure-times/pkg/controller/agency.(*Controller).GetRouteList:54) route list fetched successfully
[2024/10/25 16:53:36 WAT] [fileLogs] [INFO] (github.com/Micah-Shallom/departure-times/external.(*SendRequestObject).SendRequest:55) before prefix%!(EXTRA string=get_route_list, string=https://retro.umoiq.com/service/publicXMLFeed, <nil>, *bytes.Buffer=null
)
[2024/10/25 16:53:36 WAT] [fileLogs] [INFO] (github.com/Micah-Shallom/departure-times/external.(*SendRequestObject).SendRequest:59) after prefix%!(EXTRA string=get_route_list, string=https://retro.umoiq.com/service/publicXMLFeed?command=routeList&a=fast, <nil>, *bytes.Buffer=null
)
[2024/10/25 16:53:36 WAT] [fileLogs] [INFO] (github.com/Micah-Shallom/departure-times/external.(*SendRequestObject).SendRequest:81) request%!(EXTRA string=get_route_list, string=https://retro.umoiq.com/service/publicXMLFeed?command=routeList&a=fast, string=GET, map[string]string=map[Content-Type:application/json])
[2024/10/25 16:53:37 WAT] [fileLogs] [INFO] (github.com/Micah-Shallom/departure-times/pkg/controller/agency.(*Controller).GetRouteList:54) route list fetched successfully
[2024/10/25 16:53:59 WAT] [fileLogs] [INFO] (github.com/Micah-Shallom/departure-times/external.(*SendRequestObject).SendRequest:55) before prefix%!(EXTRA string=get_route_list, string=https://retro.umoiq.com/service/publicXMLFeed, <nil>, *bytes.Buffer=null
)
[2024/10/25 16:53:59 WAT] [fileLogs] [INFO] (github.com/Micah-Shallom/departure-times/external.(*SendRequestObject).SendRequest:59) after prefix%!(EXTRA string=get_route_list, string=https://retro.umoiq.com/service/publicXMLFeed?command=routeList&a=sf-muni, <nil>, *bytes.Buffer=null
)
[2024/10/25 16:53:59 WAT] [fileLogs] [INFO] (github.com/Micah-Shallom/departure-times/external.(*SendRequestObject).SendRequest:81) request%!(EXTRA string=get_route_list, string=https://retro.umoiq.com/service/publicXMLFeed?command=routeList&a=sf-muni, string=GET, map[string]string=map[Content-Type:application/json])
[2024/10/25 16:53:59 WAT] [fileLogs] [INFO] (github.com/Micah-Shallom/departure-times/pkg/controller/agency.(*Controller).GetRouteList:54) route list fetched successfully
[2024/10/25 16:54:35 WAT] [fileLogs] [INFO] (github.com/Micah-Shallom/departure-times/external.(*SendRequestObject).SendRequest:55) before prefix%!(EXTRA string=get_route_list, string=https://retro.umoiq.com/service/publicXMLFeed, <nil>, *bytes.Buffer=null
)
[2024/10/25 16:54:35 WAT] [fileLogs] [INFO] (github.com/Micah-Shallom/departure-times/external.(*SendRequestObject).SendRequest:59) after prefix%!(EXTRA string=get_route_list, string=https://retro.umoiq.com/service/publicXMLFeed?command=routeList&a=charles-river, <nil>, *bytes.Buffer=null
)
[2024/10/25 16:54:35 WAT] [fileLogs] [INFO] (github.com/Micah-Shallom/departure-times/external.(*SendRequestObject).SendRequest:81) request%!(EXTRA string=get_route_list, string=https://retro.umoiq.com/service/publicXMLFeed?command=routeList&a=charles-river, string=GET, map[string]string=map[Content-Type:application/json])
[2024/10/25 16:54:36 WAT] [fileLogs] [INFO] (github.com/Micah-Shallom/departure-times/pkg/controller/agency.(*Controller).GetRouteList:54) route list fetched successfully
[2024/10/25 17:18:42 WAT] [fileLogs] [INFO] (github.com/Micah-Shallom/departure-times/external.(*SendRequestObject).SendRequest:55) before prefix%!(EXTRA string=get_route_list, string=https://retro.umoiq.com/service/publicXMLFeed, <nil>, *bytes.Buffer=null
)
[2024/10/25 17:18:42 WAT] [fileLogs] [INFO] (github.com/Micah-Shallom/departure-times/external.(*SendRequestObject).SendRequest:59) after prefix%!(EXTRA string=get_route_list, string=https://retro.umoiq.com/service/publicXMLFeed?command=routeList&a=charles-river, <nil>, *bytes.Buffer=null
)
[2024/10/25 17:18:42 WAT] [fileLogs] [INFO] (github.com/Micah-Shallom/departure-times/external.(*SendRequestObject).SendRequest:81) request%!(EXTRA string=get_route_list, string=https://retro.umoiq.com/service/publicXMLFeed?command=routeList&a=charles-river, string=GET, map[string]string=map[Content-Type:application/json])
[2024/10/25 17:18:45 WAT] [fileLogs] [INFO] (github.com/Micah-Shallom/departure-times/pkg/controller/agency.(*Controller).GetRouteList:54) route list fetched successfully
[2024/10/25 17:21:50 WAT] [fileLogs] [INFO] (github.com/Micah-Shallom/departure-times/external.(*SendRequestObject).SendRequest:55) before prefix%!(EXTRA string=get_route_list, string=https://retro.umoiq.com/service/publicXMLFeed, <nil>, *bytes.Buffer=null
)
[2024/10/25 17:21:50 WAT] [fileLogs] [INFO] (github.com/Micah-Shallom/departure-times/external.(*SendRequestObject).SendRequest:59) after prefix%!(EXTRA string=get_route_list, string=https://retro.umoiq.com/service/publicXMLFeed?command=routeList&a=charles-river, <nil>, *bytes.Buffer=null
)
[2024/10/25 17:21:50 WAT] [fileLogs] [INFO] (github.com/Micah-Shallom/departure-times/external.(*SendRequestObject).SendRequest:81) request%!(EXTRA string=get_route_list, string=https://retro.umoiq.com/service/publicXMLFeed?command=routeList&a=charles-river, string=GET, map[string]string=map[Content-Type:application/json])
[2024/10/25 17:21:52 WAT] [fileLogs] [INFO] (github.com/Micah-Shallom/departure-times/pkg/controller/agency.(*Controller).GetRouteList:54) route list fetched successfully
[2024/10/25 17:29:44 WAT] [fileLogs] [INFO] (github.com/Micah-Shallom/departure-times/external.(*SendRequestObject).SendRequest:55) before prefix%!(EXTRA string=get_route_list, string=https://retro.umoiq.com/service/publicXMLFeed, <nil>, *bytes.Buffer=null
)
[2024/10/25 17:29:44 WAT] [fileLogs] [INFO] (github.com/Micah-Shallom/departure-times/external.(*SendRequestObject).SendRequest:59) after prefix%!(EXTRA string=get_route_list, string=https://retro.umoiq.com/service/publicXMLFeed?command=routeList&a=charles-river, <nil>, *bytes.Buffer=null
)
[2024/10/25 17:29:44 WAT] [fileLogs] [INFO] (github.com/Micah-Shallom/departure-times/external.(*SendRequestObject).SendRequest:81) request%!(EXTRA string=get_route_list, string=https://retro.umoiq.com/service/publicXMLFeed?command=routeList&a=charles-river, string=GET, map[string]string=map[Content-Type:application/json])
[2024/10/25 17:29:46 WAT] [fileLogs] [INFO] (github.com/Micah-Shallom/departure-times/pkg/controller/agency.(*Controller).GetRouteList:54) route list fetched successfully
[2024/10/25 17:31:32 WAT] [fileLogs] [INFO] (github.com/Micah-Shallom/departure-times/external.(*SendRequestObject).SendRequest:55) before prefix%!(EXTRA string=get_route_list, string=https://retro.umoiq.com/service/publicXMLFeed, <nil>, *bytes.Buffer=null
)
[2024/10/25 17:31:32 WAT] [fileLogs] [INFO] (github.com/Micah-Shallom/departure-times/external.(*SendRequestObject).SendRequest:59) after prefix%!(EXTRA string=get_route_list, string=https://retro.umoiq.com/service/publicXMLFeed?command=routeList&a=charles-river, <nil>, *bytes.Buffer=null
)
[2024/10/25 17:31:32 WAT] [fileLogs] [INFO] (github.com/Micah-Shallom/departure-times/external.(*SendRequestObject).SendRequest:81) request%!(EXTRA string=get_route_list, string=https://retro.umoiq.com/service/publicXMLFeed?command=routeList&a=charles-river, string=GET, map[string]string=map[Content-Type:application/json])
[2024/10/25 17:31:35 WAT] [fileLogs] [INFO] (github.com/Micah-Shallom/departure-times/pkg/controller/agency.(*Controller).GetRouteList:54) route list fetched successfully
[2024/10/25 17:32:11 WAT] [fileLogs] [INFO] (github.com/Micah-Shallom/departure-times/external.(*SendRequestObject).SendRequest:55) before prefix%!(EXTRA string=get_route_list, string=https://retro.umoiq.com/service/publicXMLFeed, <nil>, *bytes.Buffer=null
)
[2024/10/25 17:32:11 WAT] [fileLogs] [INFO] (github.com/Micah-Shallom/departure-times/external.(*SendRequestObject).SendRequest:59) after prefix%!(EXTRA string=get_route_list, string=https://retro.umoiq.com/service/publicXMLFeed?command=routeList&a=charles-river, <nil>, *bytes.Buffer=null
)
[2024/10/25 17:32:11 WAT] [fileLogs] [INFO] (github.com/Micah-Shallom/departure-times/external.(*SendRequestObject).SendRequest:81) request%!(EXTRA string=get_route_list, string=https://retro.umoiq.com/service/publicXMLFeed?command=routeList&a=charles-river, string=GET, map[string]string=map[Content-Type:application/json])
[2024/10/25 17:32:13 WAT] [fileLogs] [INFO] (github.com/Micah-Shallom/departure-times/pkg/controller/agency.(*Controller).GetRouteList:54) route list fetched successfully
[2024/10/25 17:32:45 WAT] [fileLogs] [INFO] (github.com/Micah-Shallom/departure-times/external.(*SendRequestObject).SendRequest:55) before prefix%!(EXTRA string=get_route_list, string=https://retro.umoiq.com/service/publicXMLFeed, <nil>, *bytes.Buffer=null
)
[2024/10/25 17:32:45 WAT] [fileLogs] [INFO] (github.com/Micah-Shallom/departure-times/external.(*SendRequestObject).SendRequest:59) after prefix%!(EXTRA string=get_route_list, string=https://retro.umoiq.com/service/publicXMLFeed?command=routeList&a=charles-river, <nil>, *bytes.Buffer=null
)
[2024/10/25 17:32:45 WAT] [fileLogs] [INFO] (github.com/Micah-Shallom/departure-times/external.(*SendRequestObject).SendRequest:81) request%!(EXTRA string=get_route_list, string=https://retro.umoiq.com/service/publicXMLFeed?command=routeList&a=charles-river, string=GET, map[string]string=map[Content-Type:application/json])
[2024/10/25 17:32:47 WAT] [fileLogs] [INFO] (github.com/Micah-Shallom/departure-times/pkg/controller/agency.(*Controller).GetRouteList:54) route list fetched successfully
[2024/10/25 17:33:17 WAT] [fileLogs] [INFO] (github.com/Micah-Shallom/departure-times/external.(*SendRequestObject).SendRequest:55) before prefix%!(EXTRA string=get_route_list, string=https://retro.umoiq.com/service/publicXMLFeed, <nil>, *bytes.Buffer=null
)
[2024/10/25 17:33:17 WAT] [fileLogs] [INFO] (github.com/Micah-Shallom/departure-times/external.(*SendRequestObject).SendRequest:59) after prefix%!(EXTRA string=get_route_list, string=https://retro.umoiq.com/service/publicXMLFeed?command=routeList&a=charles-river, <nil>, *bytes.Buffer=null
)
[2024/10/25 17:33:17 WAT] [fileLogs] [INFO] (github.com/Micah-Shallom/departure-times/external.(*SendRequestObject).SendRequest:81) request%!(EXTRA string=get_route_list, string=https://retro.umoiq.com/service/publicXMLFeed?command=routeList&a=charles-river, string=GET, map[string]string=map[Content-Type:application/json])
[2024/10/25 17:33:19 WAT] [fileLogs] [INFO] (github.com/Micah-Shallom/departure-times/pkg/controller/agency.(*Controller).GetRouteList:54) route list fetched successfully
